2026-01-17 18:47:03,042 [INFO] Activator:176 - 


2026-01-17 18:47:03,043 [INFO] Activator:177 - !SESSION log4j initialized
2026-01-17 18:47:04,885 [ERROR] LogOutputStream:75 - [STDERR_REDIRECT] 
2026-01-17 18:47:06,773 [INFO] LogOutputStream:77 - [STDOUT_REDIRECT] 
2026-01-17 18:47:08,737 [INFO] ApplicationProperties:184 - Using Application install path: /Applications/STM32CubeIDE.app/Contents/Eclipse/plugins/com.st.stm32cube.common.mx_6.15.0.202507011659
2026-01-17 18:47:08,754 [INFO] DbMcusXml:78 - Set database path to: /Applications/STM32CubeIDE.app/Contents/Eclipse/plugins/com.st.stm32cube.common.mx_6.15.0.202507011659//db//mcu/
2026-01-17 18:47:08,754 [INFO] ApiDb:274 - Set plugin database path to: /Applications/STM32CubeIDE.app/Contents/Eclipse/plugins/com.st.stm32cube.common.mx_6.15.0.202507011659//db//plugins/boardmanager/
2026-01-17 18:47:08,754 [WARN] ApiDb:259 - Overriding images path with different value:  => /Applications/STM32CubeIDE.app/Contents/Eclipse/plugins/com.st.stm32cube.common.mx_6.15.0.202507011659//db//plugins/mcufinder/images/
2026-01-17 18:47:08,760 [INFO] ApiDb:250 - Set database path to: /Users/bornovak/.stmcufinder/plugins/mcufinder//mcu/
2026-01-17 18:47:08,762 [INFO] DbMcusAds:125 - Set database path to: /Users/bornovak/.stmcufinder/plugins/mcufinder//mcu/
2026-01-17 18:47:08,764 [INFO] CrossReferenceDbSqlite:203 - Set database path to: /Users/bornovak/.stmcufinder/plugins/mcufinder//mcu/cs/
2026-01-17 18:47:08,889 [INFO] RulesReader:64 - Compatibility file has been processed (317 Rules)
2026-01-17 18:47:08,948 [INFO] DbMcusXml:78 - Set database path to: /Applications/STM32CubeIDE.app/Contents/Eclipse/plugins/com.st.stm32cube.common.mx_6.15.0.202507011659//db//mcu/
2026-01-17 18:47:08,948 [INFO] ApiDb:274 - Set plugin database path to: /Applications/STM32CubeIDE.app/Contents/Eclipse/plugins/com.st.stm32cube.common.mx_6.15.0.202507011659//db//plugins/boardmanager/
2026-01-17 18:47:08,949 [INFO] ApiDb:261 - Set plugin images path to: /Applications/STM32CubeIDE.app/Contents/Eclipse/plugins/com.st.stm32cube.common.mx_6.15.0.202507011659//db//plugins/mcufinder/images/
2026-01-17 18:47:08,949 [WARN] DbFile:41 - Overriding database path with different value: /Users/bornovak/.stmcufinder/plugins/mcufinder/ => /Users/bornovak/.stmcufinder/plugins/mcufinder
2026-01-17 18:47:08,949 [INFO] ApiDb:250 - Set database path to: /Users/bornovak/.stmcufinder/plugins/mcufinder//mcu/
2026-01-17 18:47:08,949 [WARN] DbFile:41 - Overriding database path with different value: /Users/bornovak/.stmcufinder/plugins/mcufinder/ => /Users/bornovak/.stmcufinder/plugins/mcufinder
2026-01-17 18:47:08,949 [INFO] DbMcusAds:125 - Set database path to: /Users/bornovak/.stmcufinder/plugins/mcufinder//mcu/
2026-01-17 18:47:08,949 [WARN] DbFile:41 - Overriding database path with different value: /Users/bornovak/.stmcufinder/plugins/mcufinder/ => /Users/bornovak/.stmcufinder/plugins/mcufinder
2026-01-17 18:47:08,950 [WARN] DbFile:41 - Overriding database path with different value: /Users/bornovak/.stmcufinder/plugins/mcufinder/ => /Users/bornovak/.stmcufinder/plugins/mcufinder
2026-01-17 18:47:08,950 [INFO] CrossReferenceDbSqlite:203 - Set database path to: /Users/bornovak/.stmcufinder/plugins/mcufinder//mcu/cs/
2026-01-17 18:47:09,018 [INFO] MainPanel:274 - HeapMemory: 268435456
2026-01-17 18:47:09,889 [INFO] DbMcusXml:78 - Set database path to: /Applications/STM32CubeIDE.app/Contents/Eclipse/plugins/com.st.stm32cube.common.mx_6.15.0.202507011659//db//mcu/
2026-01-17 18:47:09,893 [INFO] ApiDb:274 - Set plugin database path to: /Applications/STM32CubeIDE.app/Contents/Eclipse/plugins/com.st.stm32cube.common.mx_6.15.0.202507011659//db//plugins/boardmanager/
2026-01-17 18:47:09,897 [INFO] ApiDb:261 - Set plugin images path to: /Applications/STM32CubeIDE.app/Contents/Eclipse/plugins/com.st.stm32cube.common.mx_6.15.0.202507011659//db//plugins/mcufinder/images/
2026-01-17 18:47:09,898 [WARN] DbFile:41 - Overriding database path with different value: /Users/bornovak/.stmcufinder/plugins/mcufinder/ => /Users/bornovak/.stmcufinder/plugins/mcufinder
2026-01-17 18:47:09,898 [INFO] ApiDb:250 - Set database path to: /Users/bornovak/.stmcufinder/plugins/mcufinder//mcu/
2026-01-17 18:47:09,898 [WARN] DbFile:41 - Overriding database path with different value: /Users/bornovak/.stmcufinder/plugins/mcufinder/ => /Users/bornovak/.stmcufinder/plugins/mcufinder
2026-01-17 18:47:09,898 [INFO] DbMcusAds:125 - Set database path to: /Users/bornovak/.stmcufinder/plugins/mcufinder//mcu/
2026-01-17 18:47:09,898 [WARN] DbFile:41 - Overriding database path with different value: /Users/bornovak/.stmcufinder/plugins/mcufinder/ => /Users/bornovak/.stmcufinder/plugins/mcufinder
2026-01-17 18:47:09,898 [WARN] DbFile:41 - Overriding database path with different value: /Users/bornovak/.stmcufinder/plugins/mcufinder/ => /Users/bornovak/.stmcufinder/plugins/mcufinder
2026-01-17 18:47:09,899 [INFO] CrossReferenceDbSqlite:203 - Set database path to: /Users/bornovak/.stmcufinder/plugins/mcufinder//mcu/cs/
2026-01-17 18:47:09,944 [INFO] ApplicationProperties:184 - Using Application install path: /Applications/STM32CubeIDE.app/Contents/Eclipse/plugins/com.st.stm32cube.common.mx_6.15.0.202507011659
2026-01-17 18:47:09,946 [INFO] PluginManage:196 - Search for loadable plugins [exclusion list=, ]
2026-01-17 18:47:09,950 [INFO] PluginManage:310 - Check plugin analytics
2026-01-17 18:47:10,675 [INFO] AnalyticsPlugin:253 - Accepted Software Licenses: 
2026-01-17 18:47:10,676 [INFO] AnalyticsPlugin:255 - Accepted CMSIS Pack Licenses: 
2026-01-17 18:47:10,676 [INFO] AnalyticsPlugin:257 - Accepted Firmware Licenses: 
2026-01-17 18:47:10,701 [INFO] PluginManage:359 - Loaded plugin analytics (category:tool,tabindex:-1)
2026-01-17 18:47:10,706 [INFO] PluginManage:310 - Check plugin cadmodel
2026-01-17 18:47:10,736 [INFO] CADModel:105 - Init CAD model plugin
2026-01-17 18:47:10,736 [INFO] PluginManage:359 - Loaded plugin cadmodel (category:power,tabindex:5)
2026-01-17 18:47:10,738 [INFO] PluginManage:310 - Check plugin clock
2026-01-17 18:47:10,750 [INFO] PluginManage:359 - Loaded plugin clock (category:base,tabindex:2)
2026-01-17 18:47:10,751 [INFO] PluginManage:310 - Check plugin ddr
2026-01-17 18:47:10,753 [INFO] PluginManage:359 - Loaded plugin ddr (category:tool,tabindex:6)
2026-01-17 18:47:10,754 [INFO] PluginManage:310 - Check plugin filemanager
2026-01-17 18:47:10,955 [INFO] PluginManage:359 - Loaded plugin filemanager (category:base,tabindex:10)
2026-01-17 18:47:10,955 [INFO] PluginManage:310 - Check plugin ipmanager
2026-01-17 18:47:10,965 [INFO] PluginManage:359 - Loaded plugin ipmanager (category:base,tabindex:5)
2026-01-17 18:47:10,965 [INFO] PluginManage:310 - Check plugin lpbam
2026-01-17 18:47:10,974 [INFO] PluginManage:359 - Loaded plugin lpbam (category:base,tabindex:0)
2026-01-17 18:47:10,974 [INFO] PluginManage:310 - Check plugin memorymap
2026-01-17 18:47:10,986 [INFO] PluginManage:359 - Loaded plugin memorymap (category:base,tabindex:4)
2026-01-17 18:47:10,986 [INFO] PluginManage:310 - Check plugin pinoutandconfiguration
2026-01-17 18:47:10,993 [INFO] PluginManage:359 - Loaded plugin pinoutandconfiguration (category:base,tabindex:1)
2026-01-17 18:47:10,993 [INFO] PluginManage:310 - Check plugin pinoutconfig
2026-01-17 18:47:11,085 [WARN] SupportedApi:132 - Cannot load RTOS API schema: s4s-elt-must-match.1: The content of 'definitions' must match (annotation?, (simpleType | complexType)?, (unique | key | keyref)*)). A problem was found starting at: attribute.
2026-01-17 18:47:11,253 [INFO] PluginManage:359 - Loaded plugin pinoutconfig (category:base,tabindex:0)
2026-01-17 18:47:11,254 [INFO] PluginManage:310 - Check plugin power
2026-01-17 18:47:11,267 [INFO] PluginManage:359 - Loaded plugin power (category:power,tabindex:4)
2026-01-17 18:47:11,267 [INFO] PluginManage:310 - Check plugin projectmanager
2026-01-17 18:47:11,294 [INFO] PluginManage:359 - Loaded plugin projectmanager (category:projectmanager,tabindex:4)
2026-01-17 18:47:11,295 [INFO] PluginManage:310 - Check plugin rif
2026-01-17 18:47:11,303 [INFO] PluginManage:359 - Loaded plugin rif (category:base,tabindex:3)
2026-01-17 18:47:11,303 [INFO] PluginManage:310 - Check plugin thirdparty
2026-01-17 18:47:11,459 [INFO] PluginManage:359 - Loaded plugin thirdparty (category:base,tabindex:-1)
2026-01-17 18:47:11,459 [WARN] IntegrityCheckThread:84 - waiting for thirdparty lock release [integrity check]
2026-01-17 18:47:11,460 [INFO] PluginManage:310 - Check plugin tools
2026-01-17 18:47:11,460 [INFO] IntegrityCheckThread:86 - entering critical section [integrity check]
2026-01-17 18:47:11,462 [INFO] ThirdPartyUpdaterWithRetryManager:70 - Updater plugin not ready yet. [1/15]
2026-01-17 18:47:11,463 [INFO] PluginManage:359 - Loaded plugin tools (category:base,tabindex:7)
2026-01-17 18:47:11,463 [INFO] PluginManage:310 - Check plugin tutovideos
2026-01-17 18:47:11,654 [INFO] PluginManage:359 - Loaded plugin tutovideos (category:base,tabindex:-1)
2026-01-17 18:47:11,655 [INFO] PluginManage:310 - Check plugin updater
2026-01-17 18:47:11,685 [INFO] PluginManage:359 - Loaded plugin updater (category:base,tabindex:12)
2026-01-17 18:47:11,685 [INFO] PluginManage:310 - Check plugin userauth
2026-01-17 18:47:11,689 [INFO] UserAuth:118 - Init User Auth plugin
2026-01-17 18:47:11,690 [INFO] PluginManage:359 - Loaded plugin userauth (category:base,tabindex:14)
2026-01-17 18:47:11,691 [INFO] PluginManage:283 - PluginManage : Loaded plugins [18]
2026-01-17 18:47:11,923 [INFO] PinOutPanel:1589 - setPackage(No Configuration,No Configuration)
2026-01-17 18:47:12,013 [INFO] CADModel:165 - CPN selected for project level
2026-01-17 18:47:12,013 [INFO] CADModel:114 - Register for checkConnection events
2026-01-17 18:47:12,022 [INFO] IPUIPlugin:80 - create IPUIPlugin
2026-01-17 18:47:12,023 [INFO] PluginManager:220 - loadIPPluginJar : add mdma
2026-01-17 18:47:12,028 [INFO] IPUIPlugin:80 - create IPUIPlugin
2026-01-17 18:47:12,029 [INFO] PluginManager:220 - loadIPPluginJar : add freertos
2026-01-17 18:47:12,032 [INFO] IPUIPlugin:80 - create IPUIPlugin
2026-01-17 18:47:12,032 [INFO] PluginManager:220 - loadIPPluginJar : add gic
2026-01-17 18:47:12,038 [INFO] IPUIPlugin:80 - create IPUIPlugin
2026-01-17 18:47:12,039 [INFO] PluginManager:220 - loadIPPluginJar : add adc
2026-01-17 18:47:12,040 [INFO] IPUIPlugin:80 - create IPUIPlugin
2026-01-17 18:47:12,040 [INFO] PluginManager:220 - loadIPPluginJar : add gtzc
2026-01-17 18:47:12,041 [INFO] IPUIPlugin:80 - create IPUIPlugin
2026-01-17 18:47:12,041 [INFO] PluginManager:220 - loadIPPluginJar : add quadspi
2026-01-17 18:47:12,042 [INFO] IPUIPlugin:80 - create IPUIPlugin
2026-01-17 18:47:12,042 [INFO] PluginManager:220 - loadIPPluginJar : add aes
2026-01-17 18:47:12,043 [INFO] IPUIPlugin:80 - create IPUIPlugin
2026-01-17 18:47:12,043 [INFO] PluginManager:220 - loadIPPluginJar : add pdm2pcm
2026-01-17 18:47:12,045 [INFO] IPUIPlugin:80 - create IPUIPlugin
2026-01-17 18:47:12,045 [INFO] PluginManager:220 - loadIPPluginJar : add hash
2026-01-17 18:47:12,045 [INFO] IPUIPlugin:80 - create IPUIPlugin
2026-01-17 18:47:12,046 [INFO] PluginManager:220 - loadIPPluginJar : add tim
2026-01-17 18:47:12,046 [INFO] IPUIPlugin:80 - create IPUIPlugin
2026-01-17 18:47:12,046 [INFO] PluginManager:220 - loadIPPluginJar : add tsc
2026-01-17 18:47:12,048 [INFO] IPUIPlugin:80 - create IPUIPlugin
2026-01-17 18:47:12,048 [INFO] PluginManager:220 - loadIPPluginJar : add extmemmanager
2026-01-17 18:47:12,049 [INFO] IPUIPlugin:80 - create IPUIPlugin
2026-01-17 18:47:12,049 [INFO] PluginManager:220 - loadIPPluginJar : add ts
2026-01-17 18:47:12,049 [INFO] IPUIPlugin:80 - create IPUIPlugin
2026-01-17 18:47:12,050 [INFO] PluginManager:220 - loadIPPluginJar : add radio
2026-01-17 18:47:12,051 [INFO] IPUIPlugin:80 - create IPUIPlugin
2026-01-17 18:47:12,051 [INFO] PluginManager:220 - loadIPPluginJar : add can
2026-01-17 18:47:12,052 [INFO] IPUIPlugin:80 - create IPUIPlugin
2026-01-17 18:47:12,052 [INFO] PluginManager:220 - loadIPPluginJar : add dma3
2026-01-17 18:47:12,053 [INFO] IPUIPlugin:80 - create IPUIPlugin
2026-01-17 18:47:12,053 [INFO] PluginManager:220 - loadIPPluginJar : add dfsdm
2026-01-17 18:47:12,054 [INFO] IPUIPlugin:80 - create IPUIPlugin
2026-01-17 18:47:12,054 [INFO] PluginManager:220 - loadIPPluginJar : add spi
2026-01-17 18:47:12,055 [INFO] IPUIPlugin:80 - create IPUIPlugin
2026-01-17 18:47:12,055 [INFO] PluginManager:220 - loadIPPluginJar : add gfxmmu
2026-01-17 18:47:12,056 [INFO] IPUIPlugin:80 - create IPUIPlugin
2026-01-17 18:47:12,056 [INFO] PluginManager:220 - loadIPPluginJar : add genericplugin
2026-01-17 18:47:12,057 [INFO] IPUIPlugin:80 - create IPUIPlugin
2026-01-17 18:47:12,057 [INFO] PluginManager:220 - loadIPPluginJar : add cryp
2026-01-17 18:47:12,060 [INFO] IPUIPlugin:80 - create IPUIPlugin
2026-01-17 18:47:12,060 [INFO] PluginManager:220 - loadIPPluginJar : add gpio
2026-01-17 18:47:12,062 [INFO] IPUIPlugin:80 - create IPUIPlugin
2026-01-17 18:47:12,062 [INFO] PluginManager:220 - loadIPPluginJar : add ddr_ctrl_phy
2026-01-17 18:47:12,063 [INFO] IPUIPlugin:80 - create IPUIPlugin
2026-01-17 18:47:12,063 [INFO] PluginManager:220 - loadIPPluginJar : add comp
2026-01-17 18:47:12,064 [INFO] IPUIPlugin:80 - create IPUIPlugin
2026-01-17 18:47:12,065 [INFO] PluginManager:220 - loadIPPluginJar : add tracer_emb
2026-01-17 18:47:12,066 [INFO] IPUIPlugin:80 - create IPUIPlugin
2026-01-17 18:47:12,066 [INFO] PluginManager:220 - loadIPPluginJar : add openamp
2026-01-17 18:47:12,071 [INFO] IPUIPlugin:80 - create IPUIPlugin
2026-01-17 18:47:12,071 [INFO] PluginManager:220 - loadIPPluginJar : add stm32_wpan
2026-01-17 18:47:12,074 [INFO] IPUIPlugin:80 - create IPUIPlugin
2026-01-17 18:47:12,078 [INFO] PluginManager:220 - loadIPPluginJar : add plateformsettings
2026-01-17 18:47:12,080 [INFO] IPUIPlugin:80 - create IPUIPlugin
2026-01-17 18:47:12,080 [INFO] PluginManager:220 - loadIPPluginJar : add ipddr
2026-01-17 18:47:12,081 [INFO] IPUIPlugin:80 - create IPUIPlugin
2026-01-17 18:47:12,081 [INFO] PluginManager:220 - loadIPPluginJar : add usart
2026-01-17 18:47:12,082 [INFO] IPUIPlugin:80 - create IPUIPlugin
2026-01-17 18:47:12,082 [INFO] PluginManager:220 - loadIPPluginJar : add ltdc
2026-01-17 18:47:12,084 [INFO] IPUIPlugin:80 - create IPUIPlugin
2026-01-17 18:47:12,084 [INFO] PluginManager:220 - loadIPPluginJar : add nvic
2026-01-17 18:47:12,085 [INFO] IPUIPlugin:80 - create IPUIPlugin
2026-01-17 18:47:12,085 [INFO] PluginManager:220 - loadIPPluginJar : add fatfs
2026-01-17 18:47:12,089 [INFO] IPUIPlugin:80 - create IPUIPlugin
2026-01-17 18:47:12,089 [INFO] PluginManager:220 - loadIPPluginJar : add linkedlist
2026-01-17 18:47:12,093 [INFO] IPUIPlugin:80 - create IPUIPlugin
2026-01-17 18:47:12,093 [INFO] PluginManager:220 - loadIPPluginJar : add dma
2026-01-17 18:47:12,095 [INFO] IPUIPlugin:80 - create IPUIPlugin
2026-01-17 18:47:12,095 [INFO] PluginManager:220 - loadIPPluginJar : add fmc
2026-01-17 18:47:12,096 [INFO] IPUIPlugin:80 - create IPUIPlugin
2026-01-17 18:47:12,096 [INFO] PluginManager:220 - loadIPPluginJar : add i2s
2026-01-17 18:47:12,097 [INFO] IPUIPlugin:80 - create IPUIPlugin
2026-01-17 18:47:12,097 [INFO] PluginManager:220 - loadIPPluginJar : add ucpd
2026-01-17 18:47:12,099 [INFO] IPUIPlugin:80 - create IPUIPlugin
2026-01-17 18:47:12,099 [INFO] PluginManager:220 - loadIPPluginJar : add lorawan
2026-01-17 18:47:12,101 [INFO] IPUIPlugin:80 - create IPUIPlugin
2026-01-17 18:47:12,101 [INFO] PluginManager:220 - loadIPPluginJar : add opamp
2026-01-17 18:47:12,103 [INFO] IPUIPlugin:80 - create IPUIPlugin
2026-01-17 18:47:12,103 [INFO] PluginManager:220 - loadIPPluginJar : add i3c
2026-01-17 18:47:12,106 [INFO] IPUIPlugin:80 - create IPUIPlugin
2026-01-17 18:47:12,106 [INFO] PluginManager:220 - loadIPPluginJar : add touchsensing
2026-01-17 18:47:12,109 [INFO] IPUIPlugin:80 - create IPUIPlugin
2026-01-17 18:47:12,109 [INFO] PluginManager:220 - loadIPPluginJar : add i2c
2026-01-17 18:47:12,111 [INFO] IPUIPlugin:80 - create IPUIPlugin
2026-01-17 18:47:12,111 [INFO] PluginManager:220 - loadIPPluginJar : add resmgrutility
2026-01-17 18:47:12,112 [INFO] IPUIPlugin:80 - create IPUIPlugin
2026-01-17 18:47:12,112 [INFO] PluginManager:220 - loadIPPluginJar : add sai
2026-01-17 18:47:12,113 [INFO] IPUIPlugin:80 - create IPUIPlugin
2026-01-17 18:47:12,113 [INFO] PluginManager:220 - loadIPPluginJar : add usbx
2026-01-17 18:47:12,228 [FATAL] Updater:351 - Updater called before beeing initialized
2026-01-17 18:47:12,287 [INFO] RulesReader:64 - Compatibility file has been processed (317 Rules)
2026-01-17 18:47:12,302 [INFO] RulesReader:64 - Compatibility file has been processed (317 Rules)
2026-01-17 18:47:12,315 [INFO] CADModel:165 - CPN selected for project level
2026-01-17 18:47:12,315 [INFO] CADModel:114 - Register for checkConnection events
2026-01-17 18:47:12,315 [FATAL] Updater:351 - Updater called before beeing initialized
2026-01-17 18:47:12,316 [ERROR] CADModel:125 - Updater not yet initialized, retry later 
2026-01-17 18:47:12,779 [FATAL] Updater:351 - Updater called before beeing initialized
2026-01-17 18:47:12,806 [INFO] CADModel:165 - CPN selected for project level
2026-01-17 18:47:12,808 [INFO] CADModel:114 - Register for checkConnection events
2026-01-17 18:47:12,809 [FATAL] Updater:351 - Updater called before beeing initialized
2026-01-17 18:47:12,811 [ERROR] CADModel:125 - Updater not yet initialized, retry later 
2026-01-17 18:47:12,819 [FATAL] Updater:351 - Updater called before beeing initialized
2026-01-17 18:47:13,438 [FATAL] Updater:351 - Updater called before beeing initialized
2026-01-17 18:47:13,457 [INFO] DbMcusAds:53 - JSON generation date=Mon Dec 08 15:28:09 CET 2025 (1765204089911)
2026-01-17 18:47:13,461 [FATAL] Updater:351 - Updater called before beeing initialized
2026-01-17 18:47:13,536 [WARN] DetailPanel:346 - Failed to get advertising image, set to default
2026-01-17 18:47:13,628 [FATAL] Updater:351 - Updater called before beeing initialized
2026-01-17 18:47:13,633 [FATAL] Updater:351 - Updater called before beeing initialized
2026-01-17 18:47:13,634 [FATAL] Updater:351 - Updater called before beeing initialized
2026-01-17 18:47:13,636 [WARN] DetailPanel:346 - Failed to get advertising image, set to default
2026-01-17 18:47:13,642 [FATAL] Updater:351 - Updater called before beeing initialized
2026-01-17 18:47:13,764 [ERROR] Updater:1198 - MainUpdater not yet initialized. External WinMGr cannot be set.
2026-01-17 18:47:13,772 [INFO] Updater:1134 - Updater Version found : 6.15.0
2026-01-17 18:47:13,791 [INFO] ApplicationProperties:184 - Using Application install path: /Applications/STM32CubeIDE.app/Contents/Eclipse/plugins/com.st.stm32cube.common.mx_6.15.0.202507011659
2026-01-17 18:47:14,407 [INFO] MainUpdater:2872 - connection check result : 10
2026-01-17 18:47:14,407 [INFO] MainUpdater:289 - Updater Check For Update Now.
2026-01-17 18:47:14,408 [INFO] MicroXplorer:498 - Change Database Version : DB.6.0.150
2026-01-17 18:47:14,413 [INFO] McuFinderGlobals:63 - Set McuFinder mode to 2 (CubeIDE integrated)
2026-01-17 18:47:14,415 [INFO] UserAuth:487 - Internet connection configuration mode: 1
2026-01-17 18:47:14,430 [INFO] JxBrowserEngine:152 - Initiate JxBrowser Engine with user profile folder
2026-01-17 18:47:14,468 [WARN] MainUpdater:1193 - Updater busy. Cannot search thirdparties
2026-01-17 18:47:14,469 [INFO] ThirdPartyUpdaterWithRetryManager:96 - Updater plugin is busy. [1/15]
2026-01-17 18:47:14,675 [INFO] CheckServerUpdateThread:120 - End of CheckServer Thread
2026-01-17 18:47:17,691 [WARN] PackLoader:240 - Cannot read IP mode file for STMicroelectronics.FP-SNS-MOTENVWB1.1.4.0
2026-01-17 18:47:17,718 [WARN] PackLoader:240 - Cannot read IP mode file for STMicroelectronics.FP-ATR-ASTRA1.2.0.2
2026-01-17 18:47:17,737 [WARN] PackLoader:240 - Cannot read IP mode file for STMicroelectronics.X-CUBE-SMBUS.2.1.0
2026-01-17 18:47:17,744 [WARN] PackLoader:240 - Cannot read IP mode file for STMicroelectronics.X-CUBE-ST60.1.0.0
2026-01-17 18:47:17,789 [WARN] PackLoader:240 - Cannot read IP mode file for STMicroelectronics.X-CUBE-AZRTOS-F7.1.1.0
2026-01-17 18:47:17,813 [WARN] PackLoader:240 - Cannot read IP mode file for Cesanta.I-CUBE-Mongoose.7.19.0
2026-01-17 18:47:17,821 [WARN] PackLoader:240 - Cannot read IP mode file for STMicroelectronics.FP-SNS-MOTENV1.5.1.0
2026-01-17 18:47:17,839 [WARN] PackLoader:240 - Cannot read IP mode file for WES.I-CUBE-Cesium.1.4.0
2026-01-17 18:47:17,882 [WARN] PackLoader:240 - Cannot read IP mode file for Infineon.AIROC-Wi-Fi-Bluetooth-STM32.1.7.1
2026-01-17 18:47:17,952 [WARN] PackLoader:240 - Cannot read IP mode file for STMicroelectronics.X-CUBE-AZRTOS-H7.3.4.0
2026-01-17 18:47:17,979 [WARN] PackLoader:240 - Cannot read IP mode file for STMicroelectronics.X-CUBE-DISPLAY.3.0.0
2026-01-17 18:47:18,011 [WARN] PackLoader:240 - Cannot read IP mode file for STMicroelectronics.X-CUBE-NFC10.1.0.0
2026-01-17 18:47:18,022 [WARN] PackLoader:240 - Cannot read IP mode file for STMicroelectronics.X-CUBE-ST60.1.1.0
2026-01-17 18:47:18,029 [WARN] PackLoader:240 - Cannot read IP mode file for emotas.I-CUBE-CANOPEN.1.3.0
2026-01-17 18:47:18,041 [WARN] PackLoader:240 - Cannot read IP mode file for STMicroelectronics.X-CUBE-GNSS1.7.1.0
2026-01-17 18:47:18,056 [WARN] PackLoader:240 - Cannot read IP mode file for STMicroelectronics.FP-SNS-STBOX1.2.1.0
2026-01-17 18:47:18,067 [WARN] PackLoader:240 - Cannot read IP mode file for STMicroelectronics.FP-SNS-SMARTAG2.1.2.0
2026-01-17 18:47:18,073 [WARN] PackLoader:240 - Cannot read IP mode file for STMicroelectronics.FP-SNS-FLIGHT1.5.1.0
2026-01-17 18:47:18,084 [INFO] LogOutputStream:77 - [STDOUT_REDIRECT] 1 : Invalid condition id : UX_CORESTACK_Condition cause : null
2026-01-17 18:47:18,088 [INFO] LogOutputStream:77 - [STDOUT_REDIRECT] 1 : Invalid condition id : UX_CORESTACK_Condition cause : null
2026-01-17 18:47:18,089 [INFO] LogOutputStream:77 - [STDOUT_REDIRECT] 1 : Invalid condition id : UX_CORESTACK_Condition cause : null
2026-01-17 18:47:18,089 [INFO] LogOutputStream:77 - [STDOUT_REDIRECT] 1 : Invalid condition id : UX_CORESTACK_Condition cause : null
2026-01-17 18:47:18,089 [INFO] LogOutputStream:77 - [STDOUT_REDIRECT] 1 : Invalid condition id : UX_CORESTACK_Condition cause : null
2026-01-17 18:47:18,097 [WARN] PackLoader:240 - Cannot read IP mode file for STMicroelectronics.X-CUBE-AZRTOS-WL.2.0.0
2026-01-17 18:47:18,107 [WARN] PackLoader:240 - Cannot read IP mode file for STMicroelectronics.FP-SNS-MOTENV1.5.0.0
2026-01-17 18:47:18,161 [WARN] PackLoader:240 - Cannot read IP mode file for STMicroelectronics.X-CUBE-AZRTOS-H7RS.1.2.0
2026-01-17 18:47:18,185 [WARN] PackLoader:240 - Cannot read IP mode file for STMicroelectronics.X-CUBE-BLE2.3.3.0
2026-01-17 18:47:18,214 [WARN] PackLoader:240 - Cannot read IP mode file for STMicroelectronics.X-CUBE-NFC9.1.0.0
2026-01-17 18:47:18,221 [WARN] PackLoader:240 - Cannot read IP mode file for wolfSSL.I-CUBE-wolfSSL.5.8.2
2026-01-17 18:47:18,230 [WARN] PackLoader:240 - Cannot read IP mode file for STMicroelectronics.X-CUBE-BLE1.7.1.0
2026-01-17 18:47:18,233 [WARN] PackLoader:240 - Cannot read IP mode file for wolfSSL.I-CUBE-wolfMQTT.1.19.2
2026-01-17 18:47:18,240 [WARN] PackLoader:240 - Cannot read IP mode file for STMicroelectronics.X-CUBE-FREERTOS.1.4.0
2026-01-17 18:47:18,248 [WARN] PackLoader:240 - Cannot read IP mode file for STMicroelectronics.X-CUBE-EEPRMA1.5.2.0
2026-01-17 18:47:18,259 [WARN] PackLoader:240 - Cannot read IP mode file for STMicroelectronics.X-CUBE-ST67W61.1.1.0
2026-01-17 18:47:18,344 [WARN] PackLoader:240 - Cannot read IP mode file for STMicroelectronics.X-CUBE-MEMS1.12.0.0
2026-01-17 18:47:18,454 [WARN] PackLoader:240 - Cannot read IP mode file for STMicroelectronics.X-CUBE-AZRTOS-G0.1.1.0
2026-01-17 18:47:18,472 [WARN] PackLoader:240 - Cannot read IP mode file for STMicroelectronics.X-CUBE-SAFEA1.1.2.2
2026-01-17 18:47:18,483 [WARN] PackLoader:240 - Cannot read IP mode file for STMicroelectronics.X-CUBE-NFC4.3.0.0
2026-01-17 18:47:18,497 [WARN] PackLoader:240 - Cannot read IP mode file for EmbeddedOffice.I-CUBE-FS-RTOS.1.0.1
2026-01-17 18:47:18,506 [WARN] PackLoader:240 - Cannot read IP mode file for STMicroelectronics.X-CUBE-WB05N.2.0.0
2026-01-17 18:47:18,521 [WARN] PackLoader:240 - Cannot read IP mode file for wolfSSL.I-CUBE-wolfTPM.3.8.0
2026-01-17 18:47:18,529 [WARN] PackLoader:240 - Cannot read IP mode file for STMicroelectronics.X-CUBE-TCPP.4.2.0
2026-01-17 18:47:18,535 [WARN] PackLoader:240 - Cannot read IP mode file for RealThread.X-CUBE-RT-Thread_Nano.4.1.1
2026-01-17 18:47:18,544 [WARN] PackLoader:240 - Cannot read IP mode file for STMicroelectronics.FP-ATR-SIGFOX1.3.2.0
2026-01-17 18:47:18,560 [WARN] PackLoader:240 - Cannot read IP mode file for ITTIA_DB.I-CUBE-ITTIADB.8.9.0
2026-01-17 18:47:18,573 [WARN] PackLoader:240 - Cannot read IP mode file for STMicroelectronics.X-CUBE-ST67W61.1.0.0
2026-01-17 18:47:18,581 [WARN] PackLoader:240 - Cannot read IP mode file for STMicroelectronics.X-CUBE-AI.10.2.0
2026-01-17 18:47:18,658 [WARN] PackLoader:240 - Cannot read IP mode file for SEGGER.I-CUBE-embOS.1.3.1
2026-01-17 18:47:18,755 [WARN] PackLoader:240 - Cannot read IP mode file for STMicroelectronics.X-CUBE-ALGOBUILD.1.4.0
2026-01-17 18:47:18,876 [WARN] PackLoader:240 - Cannot read IP mode file for STMicroelectronics.X-CUBE-MEMS1.11.3.0
2026-01-17 18:47:18,977 [WARN] PackLoader:240 - Cannot read IP mode file for STMicroelectronics.X-CUBE-PM33A1.1.0.0
2026-01-17 18:47:19,191 [WARN] PackLoader:240 - Cannot read IP mode file for STMicroelectronics.X-CUBE-AZRTOS-F4.1.1.0
2026-01-17 18:47:19,446 [WARN] PackLoader:240 - Cannot read IP mode file for STMicroelectronics.X-CUBE-ISPU.2.1.0
2026-01-17 18:47:19,479 [INFO] WebApp:169 - Instantiating new browser for Auth
2026-01-17 18:47:19,484 [WARN] PackLoader:240 - Cannot read IP mode file for STMicroelectronics.X-CUBE-IPS.3.2.0
2026-01-17 18:47:19,531 [WARN] PackLoader:240 - Cannot read IP mode file for STMicroelectronics.X-CUBE-NFC12.1.0.0
2026-01-17 18:47:19,583 [WARN] PackLoader:240 - Cannot read IP mode file for STMicroelectronics.X-CUBE-AZRTOS-L5.2.0.0
2026-01-17 18:47:19,600 [WARN] PackLoader:240 - Cannot read IP mode file for STMicroelectronics.X-CUBE-NFC6.3.1.0
2026-01-17 18:47:19,608 [WARN] PackLoader:240 - Cannot read IP mode file for STMicroelectronics.X-CUBE-FREERTOS.1.3.1
2026-01-17 18:47:19,629 [WARN] PackLoader:240 - Cannot read IP mode file for STMicroelectronics.X-CUBE-TOUCHGFX.4.26.0
2026-01-17 18:47:19,645 [WARN] PackLoader:240 - Cannot read IP mode file for STMicroelectronics.FP-SNS-STAIOTCFT.1.0.0
2026-01-17 18:47:19,670 [WARN] PackLoader:240 - Cannot read IP mode file for STMicroelectronics.X-CUBE-DPower.1.3.0
2026-01-17 18:47:19,700 [WARN] ConditionMgr:438 - getConditionDescription Invalid condition id : LAN8742 Phy interface Condition cause : null
2026-01-17 18:47:19,703 [WARN] PackLoader:240 - Cannot read IP mode file for STMicroelectronics.X-CUBE-AZRTOS-L4.2.0.0
2026-01-17 18:47:19,707 [WARN] ConditionMgr:1044 - genDependencies : Invalid condition id : LAN8742 Phy interface Condition cause : null
2026-01-17 18:47:19,708 [WARN] ConditionMgr:1044 - genDependencies : Invalid condition id : LAN8742 Phy interface Condition cause : null
2026-01-17 18:47:19,709 [WARN] ConditionMgr:1044 - genDependencies : Invalid condition id : LAN8742 Phy interface Condition cause : null
2026-01-17 18:47:19,725 [WARN] PackLoader:240 - Cannot read IP mode file for STMicroelectronics.X-CUBE-SFXS2LP1.4.0.0
2026-01-17 18:47:19,736 [WARN] PackLoader:240 - Cannot read IP mode file for STMicroelectronics.X-CUBE-ST67W61.1.2.0
2026-01-17 18:47:19,754 [WARN] PackLoader:240 - Cannot read IP mode file for STMicroelectronics.X-CUBE-BLEMGR.4.1.0
2026-01-17 18:47:19,789 [WARN] ConditionMgr:438 - getConditionDescription Invalid condition id : UX DEVICE CLASS RTOS Condition cause : null
2026-01-17 18:47:19,790 [WARN] ConditionMgr:438 - getConditionDescription Invalid condition id : UX DEVICE CLASS RTOS Condition cause : null
2026-01-17 18:47:19,797 [WARN] PackLoader:240 - Cannot read IP mode file for STMicroelectronics.X-CUBE-AZRTOS-WB.2.0.0
2026-01-17 18:47:19,798 [WARN] ConditionMgr:1044 - genDependencies : Invalid condition id : UX DEVICE CLASS RTOS Condition cause : null
2026-01-17 18:47:19,798 [WARN] ConditionMgr:1044 - genDependencies : Invalid condition id : UX DEVICE CLASS RTOS Condition cause : null
2026-01-17 18:47:19,799 [WARN] ConditionMgr:1044 - genDependencies : Invalid condition id : UX DEVICE CLASS RTOS Condition cause : null
2026-01-17 18:47:19,800 [WARN] ConditionMgr:1044 - genDependencies : Invalid condition id : UX DEVICE CLASS RTOS Condition cause : null
2026-01-17 18:47:19,800 [WARN] ConditionMgr:1044 - genDependencies : Invalid condition id : UX DEVICE CLASS RTOS Condition cause : null
2026-01-17 18:47:19,814 [WARN] PackLoader:240 - Cannot read IP mode file for STMicroelectronics.X-CUBE-GNSS1.7.0.1
2026-01-17 18:47:19,829 [WARN] ConditionMgr:438 - getConditionDescription Invalid condition id : Cortex-A Device cause : null
2026-01-17 18:47:19,870 [WARN] ConditionMgr:1044 - genDependencies : Invalid condition id : Cortex-A Device cause : null
2026-01-17 18:47:19,870 [WARN] ConditionMgr:1044 - genDependencies : Invalid condition id : Cortex-A Device cause : null
2026-01-17 18:47:19,870 [WARN] ConditionMgr:1044 - genDependencies : Invalid condition id : Cortex-A Device cause : null
2026-01-17 18:47:19,882 [WARN] PackLoader:240 - Cannot read IP mode file for STMicroelectronics.X-CUBE-SUBG2.5.0.0
2026-01-17 18:47:19,912 [WARN] PackLoader:240 - Cannot read IP mode file for STMicroelectronics.X-CUBE-AZRTOS-H7RS.1.1.0
2026-01-17 18:47:19,938 [WARN] PackLoader:240 - Cannot read IP mode file for STMicroelectronics.X-CUBE-AZRTOS-G4.2.0.0
2026-01-17 18:47:19,944 [WARN] PackLoader:240 - Cannot read IP mode file for wolfSSL.I-CUBE-wolfSSH.1.4.20
2026-01-17 18:47:19,950 [WARN] PackLoader:240 - Cannot read IP mode file for STMicroelectronics.X-CUBE-NFC7.2.0.0
2026-01-17 18:47:19,973 [WARN] PackLoader:240 - Cannot read IP mode file for STMicroelectronics.X-CUBE-IPS.3.1.0
2026-01-17 18:47:19,984 [WARN] PackLoader:240 - Cannot read IP mode file for STMicroelectronics.X-CUBE-ALS.1.0.2
2026-01-17 18:47:19,998 [WARN] PackLoader:240 - Cannot read IP mode file for STMicroelectronics.X-CUBE-STSE01.1.0.0
2026-01-17 18:47:20,011 [WARN] PackLoader:240 - Cannot read IP mode file for STMicroelectronics.X-CUBE-TOF1.3.4.3
2026-01-17 18:47:20,038 [INFO] ThirdParty:978 - Integrity check success = true
2026-01-17 18:47:20,039 [INFO] IntegrityCheckThread:100 - exiting critical section [integrity check]
2026-01-17 18:47:20,039 [INFO] IntegrityCheckThread:103 - End integrity checks thread
2026-01-17 18:47:21,012 [INFO] WebApp:463 - Apply proxy settings
2026-01-17 18:47:21,022 [INFO] WebApp:508 - Chromium authenticates against Manually configured proxy
2026-01-17 18:47:21,042 [INFO] WebApp:516 - Username used for proxy authentication: 
2026-01-17 18:47:21,088 [INFO] WebApp:900 - Register for checkConnection events
2026-01-17 18:47:21,089 [INFO] WebApp:463 - Apply proxy settings
2026-01-17 18:47:21,092 [INFO] WebApp:508 - Chromium authenticates against Manually configured proxy
2026-01-17 18:47:21,092 [INFO] WebApp:516 - Username used for proxy authentication: 
2026-01-17 18:47:21,250 [INFO] WebApp:225 - Starting web application
2026-01-17 18:47:21,250 [INFO] WebApp:593 - Web application path used /Applications/STM32CubeIDE.app/Contents/Eclipse/plugins/com.st.stm32cube.common.mx_6.15.0.202507011659/db/plugins/mcufinder/reactClient1/index.html
2026-01-17 18:47:21,874 [INFO] WebApp:191 - Connection restablished
2026-01-17 18:47:21,940 [INFO] UserAuth:487 - Internet connection configuration mode: 1
