2026-01-16 13:38:14,598 [INFO] Activator:176 - 


2026-01-16 13:38:14,600 [INFO] Activator:177 - !SESSION log4j initialized
2026-01-16 13:38:16,214 [ERROR] LogOutputStream:75 - [STDERR_REDIRECT] 
2026-01-16 13:38:17,905 [INFO] LogOutputStream:77 - [STDOUT_REDIRECT] 
2026-01-16 13:38:19,968 [INFO] ApplicationProperties:184 - Using Application install path: /Applications/STM32CubeIDE.app/Contents/Eclipse/plugins/com.st.stm32cube.common.mx_6.15.0.202507011659
2026-01-16 13:38:19,979 [INFO] DbMcusXml:78 - Set database path to: /Applications/STM32CubeIDE.app/Contents/Eclipse/plugins/com.st.stm32cube.common.mx_6.15.0.202507011659//db//mcu/
2026-01-16 13:38:19,980 [INFO] ApiDb:274 - Set plugin database path to: /Applications/STM32CubeIDE.app/Contents/Eclipse/plugins/com.st.stm32cube.common.mx_6.15.0.202507011659//db//plugins/boardmanager/
2026-01-16 13:38:19,980 [WARN] ApiDb:259 - Overriding images path with different value:  => /Applications/STM32CubeIDE.app/Contents/Eclipse/plugins/com.st.stm32cube.common.mx_6.15.0.202507011659//db//plugins/mcufinder/images/
2026-01-16 13:38:19,984 [INFO] ApiDb:250 - Set database path to: /Users/andrazvz/.stmcufinder/plugins/mcufinder//mcu/
2026-01-16 13:38:19,984 [INFO] DbMcusAds:125 - Set database path to: /Users/andrazvz/.stmcufinder/plugins/mcufinder//mcu/
2026-01-16 13:38:19,985 [INFO] CrossReferenceDbSqlite:203 - Set database path to: /Users/andrazvz/.stmcufinder/plugins/mcufinder//mcu/cs/
2026-01-16 13:38:20,181 [INFO] RulesReader:64 - Compatibility file has been processed (317 Rules)
2026-01-16 13:38:20,297 [INFO] DbMcusXml:78 - Set database path to: /Applications/STM32CubeIDE.app/Contents/Eclipse/plugins/com.st.stm32cube.common.mx_6.15.0.202507011659//db//mcu/
2026-01-16 13:38:20,298 [INFO] ApiDb:274 - Set plugin database path to: /Applications/STM32CubeIDE.app/Contents/Eclipse/plugins/com.st.stm32cube.common.mx_6.15.0.202507011659//db//plugins/boardmanager/
2026-01-16 13:38:20,300 [INFO] ApiDb:261 - Set plugin images path to: /Applications/STM32CubeIDE.app/Contents/Eclipse/plugins/com.st.stm32cube.common.mx_6.15.0.202507011659//db//plugins/mcufinder/images/
2026-01-16 13:38:20,301 [WARN] DbFile:41 - Overriding database path with different value: /Users/andrazvz/.stmcufinder/plugins/mcufinder/ => /Users/andrazvz/.stmcufinder/plugins/mcufinder
2026-01-16 13:38:20,301 [INFO] ApiDb:250 - Set database path to: /Users/andrazvz/.stmcufinder/plugins/mcufinder//mcu/
2026-01-16 13:38:20,301 [WARN] DbFile:41 - Overriding database path with different value: /Users/andrazvz/.stmcufinder/plugins/mcufinder/ => /Users/andrazvz/.stmcufinder/plugins/mcufinder
2026-01-16 13:38:20,301 [INFO] DbMcusAds:125 - Set database path to: /Users/andrazvz/.stmcufinder/plugins/mcufinder//mcu/
2026-01-16 13:38:20,302 [WARN] DbFile:41 - Overriding database path with different value: /Users/andrazvz/.stmcufinder/plugins/mcufinder/ => /Users/andrazvz/.stmcufinder/plugins/mcufinder
2026-01-16 13:38:20,302 [WARN] DbFile:41 - Overriding database path with different value: /Users/andrazvz/.stmcufinder/plugins/mcufinder/ => /Users/andrazvz/.stmcufinder/plugins/mcufinder
2026-01-16 13:38:20,302 [INFO] CrossReferenceDbSqlite:203 - Set database path to: /Users/andrazvz/.stmcufinder/plugins/mcufinder//mcu/cs/
2026-01-16 13:38:20,403 [INFO] MainPanel:274 - HeapMemory: 293601280
2026-01-16 13:38:20,757 [INFO] DbMcusXml:78 - Set database path to: /Applications/STM32CubeIDE.app/Contents/Eclipse/plugins/com.st.stm32cube.common.mx_6.15.0.202507011659//db//mcu/
2026-01-16 13:38:20,757 [INFO] ApiDb:274 - Set plugin database path to: /Applications/STM32CubeIDE.app/Contents/Eclipse/plugins/com.st.stm32cube.common.mx_6.15.0.202507011659//db//plugins/boardmanager/
2026-01-16 13:38:20,758 [INFO] ApiDb:261 - Set plugin images path to: /Applications/STM32CubeIDE.app/Contents/Eclipse/plugins/com.st.stm32cube.common.mx_6.15.0.202507011659//db//plugins/mcufinder/images/
2026-01-16 13:38:20,758 [WARN] DbFile:41 - Overriding database path with different value: /Users/andrazvz/.stmcufinder/plugins/mcufinder/ => /Users/andrazvz/.stmcufinder/plugins/mcufinder
2026-01-16 13:38:20,758 [INFO] ApiDb:250 - Set database path to: /Users/andrazvz/.stmcufinder/plugins/mcufinder//mcu/
2026-01-16 13:38:20,758 [WARN] DbFile:41 - Overriding database path with different value: /Users/andrazvz/.stmcufinder/plugins/mcufinder/ => /Users/andrazvz/.stmcufinder/plugins/mcufinder
2026-01-16 13:38:20,758 [INFO] DbMcusAds:125 - Set database path to: /Users/andrazvz/.stmcufinder/plugins/mcufinder//mcu/
2026-01-16 13:38:20,758 [WARN] DbFile:41 - Overriding database path with different value: /Users/andrazvz/.stmcufinder/plugins/mcufinder/ => /Users/andrazvz/.stmcufinder/plugins/mcufinder
2026-01-16 13:38:20,758 [WARN] DbFile:41 - Overriding database path with different value: /Users/andrazvz/.stmcufinder/plugins/mcufinder/ => /Users/andrazvz/.stmcufinder/plugins/mcufinder
2026-01-16 13:38:20,759 [INFO] CrossReferenceDbSqlite:203 - Set database path to: /Users/andrazvz/.stmcufinder/plugins/mcufinder//mcu/cs/
2026-01-16 13:38:20,775 [INFO] ApplicationProperties:184 - Using Application install path: /Applications/STM32CubeIDE.app/Contents/Eclipse/plugins/com.st.stm32cube.common.mx_6.15.0.202507011659
2026-01-16 13:38:20,776 [INFO] PluginManage:196 - Search for loadable plugins [exclusion list=, ]
2026-01-16 13:38:20,778 [INFO] PluginManage:310 - Check plugin analytics
2026-01-16 13:38:21,366 [INFO] AnalyticsPlugin:253 - Accepted Software Licenses: 
2026-01-16 13:38:21,374 [INFO] AnalyticsPlugin:255 - Accepted CMSIS Pack Licenses: 
2026-01-16 13:38:21,375 [INFO] AnalyticsPlugin:257 - Accepted Firmware Licenses: 
2026-01-16 13:38:21,391 [INFO] PluginManage:359 - Loaded plugin analytics (category:tool,tabindex:-1)
2026-01-16 13:38:21,395 [INFO] PluginManage:310 - Check plugin cadmodel
2026-01-16 13:38:21,449 [INFO] CADModel:105 - Init CAD model plugin
2026-01-16 13:38:21,449 [INFO] PluginManage:359 - Loaded plugin cadmodel (category:power,tabindex:5)
2026-01-16 13:38:21,452 [INFO] PluginManage:310 - Check plugin clock
2026-01-16 13:38:21,465 [INFO] PluginManage:359 - Loaded plugin clock (category:base,tabindex:2)
2026-01-16 13:38:21,466 [INFO] PluginManage:310 - Check plugin ddr
2026-01-16 13:38:21,468 [INFO] PluginManage:359 - Loaded plugin ddr (category:tool,tabindex:6)
2026-01-16 13:38:21,468 [INFO] PluginManage:310 - Check plugin filemanager
2026-01-16 13:38:21,692 [INFO] PluginManage:359 - Loaded plugin filemanager (category:base,tabindex:10)
2026-01-16 13:38:21,692 [INFO] PluginManage:310 - Check plugin ipmanager
2026-01-16 13:38:21,702 [INFO] PluginManage:359 - Loaded plugin ipmanager (category:base,tabindex:5)
2026-01-16 13:38:21,702 [INFO] PluginManage:310 - Check plugin lpbam
2026-01-16 13:38:21,714 [INFO] PluginManage:359 - Loaded plugin lpbam (category:base,tabindex:0)
2026-01-16 13:38:21,714 [INFO] PluginManage:310 - Check plugin memorymap
2026-01-16 13:38:21,726 [INFO] PluginManage:359 - Loaded plugin memorymap (category:base,tabindex:4)
2026-01-16 13:38:21,726 [INFO] PluginManage:310 - Check plugin pinoutandconfiguration
2026-01-16 13:38:21,733 [INFO] PluginManage:359 - Loaded plugin pinoutandconfiguration (category:base,tabindex:1)
2026-01-16 13:38:21,733 [INFO] PluginManage:310 - Check plugin pinoutconfig
2026-01-16 13:38:21,829 [WARN] SupportedApi:132 - Cannot load RTOS API schema: s4s-elt-must-match.1: The content of 'definitions' must match (annotation?, (simpleType | complexType)?, (unique | key | keyref)*)). A problem was found starting at: attribute.
2026-01-16 13:38:22,132 [INFO] PluginManage:359 - Loaded plugin pinoutconfig (category:base,tabindex:0)
2026-01-16 13:38:22,132 [INFO] PluginManage:310 - Check plugin power
2026-01-16 13:38:22,148 [INFO] PluginManage:359 - Loaded plugin power (category:power,tabindex:4)
2026-01-16 13:38:22,148 [INFO] PluginManage:310 - Check plugin projectmanager
2026-01-16 13:38:22,207 [INFO] PluginManage:359 - Loaded plugin projectmanager (category:projectmanager,tabindex:4)
2026-01-16 13:38:22,207 [INFO] PluginManage:310 - Check plugin rif
2026-01-16 13:38:22,216 [INFO] PluginManage:359 - Loaded plugin rif (category:base,tabindex:3)
2026-01-16 13:38:22,217 [INFO] PluginManage:310 - Check plugin thirdparty
2026-01-16 13:38:22,411 [INFO] PluginManage:359 - Loaded plugin thirdparty (category:base,tabindex:-1)
2026-01-16 13:38:22,411 [INFO] PluginManage:310 - Check plugin tools
2026-01-16 13:38:22,411 [WARN] IntegrityCheckThread:84 - waiting for thirdparty lock release [integrity check]
2026-01-16 13:38:22,413 [INFO] IntegrityCheckThread:86 - entering critical section [integrity check]
2026-01-16 13:38:22,415 [INFO] ThirdPartyUpdaterWithRetryManager:70 - Updater plugin not ready yet. [1/15]
2026-01-16 13:38:22,416 [INFO] PluginManage:359 - Loaded plugin tools (category:base,tabindex:7)
2026-01-16 13:38:22,416 [INFO] PluginManage:310 - Check plugin tutovideos
2026-01-16 13:38:22,597 [INFO] PluginManage:359 - Loaded plugin tutovideos (category:base,tabindex:-1)
2026-01-16 13:38:22,597 [INFO] PluginManage:310 - Check plugin updater
2026-01-16 13:38:22,627 [INFO] PluginManage:359 - Loaded plugin updater (category:base,tabindex:12)
2026-01-16 13:38:22,627 [INFO] PluginManage:310 - Check plugin userauth
2026-01-16 13:38:22,634 [INFO] UserAuth:118 - Init User Auth plugin
2026-01-16 13:38:22,635 [INFO] PluginManage:359 - Loaded plugin userauth (category:base,tabindex:14)
2026-01-16 13:38:22,636 [INFO] PluginManage:283 - PluginManage : Loaded plugins [18]
2026-01-16 13:38:22,878 [INFO] PinOutPanel:1589 - setPackage(No Configuration,No Configuration)
2026-01-16 13:38:22,960 [INFO] CADModel:165 - CPN selected for project level
2026-01-16 13:38:22,961 [INFO] CADModel:114 - Register for checkConnection events
2026-01-16 13:38:22,972 [INFO] IPUIPlugin:80 - create IPUIPlugin
2026-01-16 13:38:22,972 [INFO] PluginManager:220 - loadIPPluginJar : add mdma
2026-01-16 13:38:22,977 [INFO] IPUIPlugin:80 - create IPUIPlugin
2026-01-16 13:38:22,978 [INFO] PluginManager:220 - loadIPPluginJar : add freertos
2026-01-16 13:38:22,981 [INFO] IPUIPlugin:80 - create IPUIPlugin
2026-01-16 13:38:22,981 [INFO] PluginManager:220 - loadIPPluginJar : add gic
2026-01-16 13:38:22,987 [INFO] IPUIPlugin:80 - create IPUIPlugin
2026-01-16 13:38:22,987 [INFO] PluginManager:220 - loadIPPluginJar : add adc
2026-01-16 13:38:22,988 [INFO] IPUIPlugin:80 - create IPUIPlugin
2026-01-16 13:38:22,988 [INFO] PluginManager:220 - loadIPPluginJar : add gtzc
2026-01-16 13:38:22,989 [INFO] IPUIPlugin:80 - create IPUIPlugin
2026-01-16 13:38:22,989 [INFO] PluginManager:220 - loadIPPluginJar : add quadspi
2026-01-16 13:38:22,990 [INFO] IPUIPlugin:80 - create IPUIPlugin
2026-01-16 13:38:22,990 [INFO] PluginManager:220 - loadIPPluginJar : add aes
2026-01-16 13:38:22,992 [INFO] IPUIPlugin:80 - create IPUIPlugin
2026-01-16 13:38:22,992 [INFO] PluginManager:220 - loadIPPluginJar : add pdm2pcm
2026-01-16 13:38:22,993 [INFO] IPUIPlugin:80 - create IPUIPlugin
2026-01-16 13:38:22,993 [INFO] PluginManager:220 - loadIPPluginJar : add hash
2026-01-16 13:38:22,994 [INFO] IPUIPlugin:80 - create IPUIPlugin
2026-01-16 13:38:22,994 [INFO] PluginManager:220 - loadIPPluginJar : add tim
2026-01-16 13:38:22,995 [INFO] IPUIPlugin:80 - create IPUIPlugin
2026-01-16 13:38:22,995 [INFO] PluginManager:220 - loadIPPluginJar : add tsc
2026-01-16 13:38:22,996 [INFO] IPUIPlugin:80 - create IPUIPlugin
2026-01-16 13:38:22,996 [INFO] PluginManager:220 - loadIPPluginJar : add extmemmanager
2026-01-16 13:38:22,997 [INFO] IPUIPlugin:80 - create IPUIPlugin
2026-01-16 13:38:22,997 [INFO] PluginManager:220 - loadIPPluginJar : add ts
2026-01-16 13:38:22,998 [INFO] IPUIPlugin:80 - create IPUIPlugin
2026-01-16 13:38:22,998 [INFO] PluginManager:220 - loadIPPluginJar : add radio
2026-01-16 13:38:22,999 [INFO] IPUIPlugin:80 - create IPUIPlugin
2026-01-16 13:38:23,000 [INFO] PluginManager:220 - loadIPPluginJar : add can
2026-01-16 13:38:23,000 [INFO] IPUIPlugin:80 - create IPUIPlugin
2026-01-16 13:38:23,000 [INFO] PluginManager:220 - loadIPPluginJar : add dma3
2026-01-16 13:38:23,001 [INFO] IPUIPlugin:80 - create IPUIPlugin
2026-01-16 13:38:23,001 [INFO] PluginManager:220 - loadIPPluginJar : add dfsdm
2026-01-16 13:38:23,002 [INFO] IPUIPlugin:80 - create IPUIPlugin
2026-01-16 13:38:23,002 [INFO] PluginManager:220 - loadIPPluginJar : add spi
2026-01-16 13:38:23,003 [INFO] IPUIPlugin:80 - create IPUIPlugin
2026-01-16 13:38:23,003 [INFO] PluginManager:220 - loadIPPluginJar : add gfxmmu
2026-01-16 13:38:23,004 [INFO] IPUIPlugin:80 - create IPUIPlugin
2026-01-16 13:38:23,005 [INFO] PluginManager:220 - loadIPPluginJar : add genericplugin
2026-01-16 13:38:23,006 [INFO] IPUIPlugin:80 - create IPUIPlugin
2026-01-16 13:38:23,006 [INFO] PluginManager:220 - loadIPPluginJar : add cryp
2026-01-16 13:38:23,008 [INFO] IPUIPlugin:80 - create IPUIPlugin
2026-01-16 13:38:23,008 [INFO] PluginManager:220 - loadIPPluginJar : add gpio
2026-01-16 13:38:23,010 [INFO] IPUIPlugin:80 - create IPUIPlugin
2026-01-16 13:38:23,010 [INFO] PluginManager:220 - loadIPPluginJar : add ddr_ctrl_phy
2026-01-16 13:38:23,011 [INFO] IPUIPlugin:80 - create IPUIPlugin
2026-01-16 13:38:23,012 [INFO] PluginManager:220 - loadIPPluginJar : add comp
2026-01-16 13:38:23,013 [INFO] IPUIPlugin:80 - create IPUIPlugin
2026-01-16 13:38:23,014 [INFO] PluginManager:220 - loadIPPluginJar : add tracer_emb
2026-01-16 13:38:23,015 [INFO] IPUIPlugin:80 - create IPUIPlugin
2026-01-16 13:38:23,015 [INFO] PluginManager:220 - loadIPPluginJar : add openamp
2026-01-16 13:38:23,018 [INFO] IPUIPlugin:80 - create IPUIPlugin
2026-01-16 13:38:23,018 [INFO] PluginManager:220 - loadIPPluginJar : add stm32_wpan
2026-01-16 13:38:23,022 [INFO] IPUIPlugin:80 - create IPUIPlugin
2026-01-16 13:38:23,024 [INFO] PluginManager:220 - loadIPPluginJar : add plateformsettings
2026-01-16 13:38:23,025 [INFO] IPUIPlugin:80 - create IPUIPlugin
2026-01-16 13:38:23,025 [INFO] PluginManager:220 - loadIPPluginJar : add ipddr
2026-01-16 13:38:23,026 [INFO] IPUIPlugin:80 - create IPUIPlugin
2026-01-16 13:38:23,026 [INFO] PluginManager:220 - loadIPPluginJar : add usart
2026-01-16 13:38:23,027 [INFO] IPUIPlugin:80 - create IPUIPlugin
2026-01-16 13:38:23,027 [INFO] PluginManager:220 - loadIPPluginJar : add ltdc
2026-01-16 13:38:23,029 [INFO] IPUIPlugin:80 - create IPUIPlugin
2026-01-16 13:38:23,029 [INFO] PluginManager:220 - loadIPPluginJar : add nvic
2026-01-16 13:38:23,030 [INFO] IPUIPlugin:80 - create IPUIPlugin
2026-01-16 13:38:23,030 [INFO] PluginManager:220 - loadIPPluginJar : add fatfs
2026-01-16 13:38:23,034 [INFO] IPUIPlugin:80 - create IPUIPlugin
2026-01-16 13:38:23,034 [INFO] PluginManager:220 - loadIPPluginJar : add linkedlist
2026-01-16 13:38:23,036 [INFO] IPUIPlugin:80 - create IPUIPlugin
2026-01-16 13:38:23,036 [INFO] PluginManager:220 - loadIPPluginJar : add dma
2026-01-16 13:38:23,038 [INFO] IPUIPlugin:80 - create IPUIPlugin
2026-01-16 13:38:23,038 [INFO] PluginManager:220 - loadIPPluginJar : add fmc
2026-01-16 13:38:23,039 [INFO] IPUIPlugin:80 - create IPUIPlugin
2026-01-16 13:38:23,039 [INFO] PluginManager:220 - loadIPPluginJar : add i2s
2026-01-16 13:38:23,041 [INFO] IPUIPlugin:80 - create IPUIPlugin
2026-01-16 13:38:23,041 [INFO] PluginManager:220 - loadIPPluginJar : add ucpd
2026-01-16 13:38:23,042 [INFO] IPUIPlugin:80 - create IPUIPlugin
2026-01-16 13:38:23,043 [INFO] PluginManager:220 - loadIPPluginJar : add lorawan
2026-01-16 13:38:23,044 [INFO] IPUIPlugin:80 - create IPUIPlugin
2026-01-16 13:38:23,045 [INFO] PluginManager:220 - loadIPPluginJar : add opamp
2026-01-16 13:38:23,046 [INFO] IPUIPlugin:80 - create IPUIPlugin
2026-01-16 13:38:23,046 [INFO] PluginManager:220 - loadIPPluginJar : add i3c
2026-01-16 13:38:23,048 [INFO] IPUIPlugin:80 - create IPUIPlugin
2026-01-16 13:38:23,049 [INFO] PluginManager:220 - loadIPPluginJar : add touchsensing
2026-01-16 13:38:23,050 [INFO] IPUIPlugin:80 - create IPUIPlugin
2026-01-16 13:38:23,050 [INFO] PluginManager:220 - loadIPPluginJar : add i2c
2026-01-16 13:38:23,051 [INFO] IPUIPlugin:80 - create IPUIPlugin
2026-01-16 13:38:23,052 [INFO] PluginManager:220 - loadIPPluginJar : add resmgrutility
2026-01-16 13:38:23,053 [INFO] IPUIPlugin:80 - create IPUIPlugin
2026-01-16 13:38:23,053 [INFO] PluginManager:220 - loadIPPluginJar : add sai
2026-01-16 13:38:23,055 [INFO] IPUIPlugin:80 - create IPUIPlugin
2026-01-16 13:38:23,055 [INFO] PluginManager:220 - loadIPPluginJar : add usbx
2026-01-16 13:38:23,188 [FATAL] Updater:351 - Updater called before beeing initialized
2026-01-16 13:38:23,257 [INFO] RulesReader:64 - Compatibility file has been processed (317 Rules)
2026-01-16 13:38:23,289 [INFO] RulesReader:64 - Compatibility file has been processed (317 Rules)
2026-01-16 13:38:23,298 [INFO] CADModel:165 - CPN selected for project level
2026-01-16 13:38:23,299 [INFO] CADModel:114 - Register for checkConnection events
2026-01-16 13:38:23,299 [FATAL] Updater:351 - Updater called before beeing initialized
2026-01-16 13:38:23,299 [ERROR] CADModel:125 - Updater not yet initialized, retry later 
2026-01-16 13:38:23,529 [FATAL] Updater:351 - Updater called before beeing initialized
2026-01-16 13:38:23,531 [INFO] CADModel:165 - CPN selected for project level
2026-01-16 13:38:23,531 [INFO] CADModel:114 - Register for checkConnection events
2026-01-16 13:38:23,531 [FATAL] Updater:351 - Updater called before beeing initialized
2026-01-16 13:38:23,531 [ERROR] CADModel:125 - Updater not yet initialized, retry later 
2026-01-16 13:38:23,534 [FATAL] Updater:351 - Updater called before beeing initialized
2026-01-16 13:38:23,734 [FATAL] Updater:351 - Updater called before beeing initialized
2026-01-16 13:38:23,738 [INFO] DbMcusAds:53 - JSON generation date=Thu Jan 08 16:56:32 CET 2026 (1767887792457)
2026-01-16 13:38:23,738 [FATAL] Updater:351 - Updater called before beeing initialized
2026-01-16 13:38:23,787 [WARN] DetailPanel:346 - Failed to get advertising image, set to default
2026-01-16 13:38:23,859 [FATAL] Updater:351 - Updater called before beeing initialized
2026-01-16 13:38:23,863 [FATAL] Updater:351 - Updater called before beeing initialized
2026-01-16 13:38:23,863 [FATAL] Updater:351 - Updater called before beeing initialized
2026-01-16 13:38:23,864 [WARN] DetailPanel:346 - Failed to get advertising image, set to default
2026-01-16 13:38:23,866 [FATAL] Updater:351 - Updater called before beeing initialized
2026-01-16 13:38:23,936 [ERROR] Updater:1198 - MainUpdater not yet initialized. External WinMGr cannot be set.
2026-01-16 13:38:23,944 [INFO] Updater:1134 - Updater Version found : 6.15.0
2026-01-16 13:38:23,957 [INFO] ApplicationProperties:184 - Using Application install path: /Applications/STM32CubeIDE.app/Contents/Eclipse/plugins/com.st.stm32cube.common.mx_6.15.0.202507011659
2026-01-16 13:38:24,335 [INFO] MainUpdater:2872 - connection check result : 10
2026-01-16 13:38:24,335 [INFO] MainUpdater:289 - Updater Check For Update Now.
2026-01-16 13:38:24,335 [INFO] MicroXplorer:498 - Change Database Version : DB.6.0.150
2026-01-16 13:38:24,342 [INFO] McuFinderGlobals:63 - Set McuFinder mode to 2 (CubeIDE integrated)
2026-01-16 13:38:24,344 [INFO] UserAuth:487 - Internet connection configuration mode: 1
2026-01-16 13:38:24,359 [INFO] JxBrowserEngine:152 - Initiate JxBrowser Engine with user profile folder
2026-01-16 13:38:24,677 [INFO] CheckServerUpdateThread:120 - End of CheckServer Thread
2026-01-16 13:38:25,803 [WARN] PackLoader:240 - Cannot read IP mode file for STMicroelectronics.FP-SNS-MOTENVWB1.1.4.0
2026-01-16 13:38:25,866 [WARN] PackLoader:240 - Cannot read IP mode file for STMicroelectronics.FP-ATR-ASTRA1.2.0.2
2026-01-16 13:38:25,885 [WARN] PackLoader:240 - Cannot read IP mode file for STMicroelectronics.X-CUBE-SMBUS.2.1.0
2026-01-16 13:38:26,010 [WARN] PackLoader:240 - Cannot read IP mode file for STMicroelectronics.X-CUBE-AZRTOS-F7.1.1.0
2026-01-16 13:38:26,053 [WARN] PackLoader:240 - Cannot read IP mode file for Cesanta.I-CUBE-Mongoose.7.19.0
2026-01-16 13:38:26,064 [WARN] PackLoader:240 - Cannot read IP mode file for STMicroelectronics.FP-SNS-MOTENV1.5.1.0
2026-01-16 13:38:26,104 [WARN] PackLoader:240 - Cannot read IP mode file for WES.I-CUBE-Cesium.1.4.0
2026-01-16 13:38:26,168 [WARN] PackLoader:240 - Cannot read IP mode file for Infineon.AIROC-Wi-Fi-Bluetooth-STM32.1.7.1
2026-01-16 13:38:26,260 [WARN] PackLoader:240 - Cannot read IP mode file for STMicroelectronics.X-CUBE-AZRTOS-H7.3.4.0
2026-01-16 13:38:26,287 [WARN] PackLoader:240 - Cannot read IP mode file for STMicroelectronics.X-CUBE-DISPLAY.3.0.0
2026-01-16 13:38:26,327 [WARN] PackLoader:240 - Cannot read IP mode file for STMicroelectronics.X-CUBE-NFC10.1.0.0
2026-01-16 13:38:26,345 [WARN] PackLoader:240 - Cannot read IP mode file for STMicroelectronics.X-CUBE-ST60.1.1.0
2026-01-16 13:38:26,362 [WARN] PackLoader:240 - Cannot read IP mode file for emotas.I-CUBE-CANOPEN.1.3.0
2026-01-16 13:38:26,375 [WARN] PackLoader:240 - Cannot read IP mode file for STMicroelectronics.X-CUBE-GNSS1.7.1.0
2026-01-16 13:38:26,393 [WARN] PackLoader:240 - Cannot read IP mode file for STMicroelectronics.FP-SNS-STBOX1.2.1.0
2026-01-16 13:38:26,409 [WARN] PackLoader:240 - Cannot read IP mode file for STMicroelectronics.FP-SNS-SMARTAG2.1.2.0
2026-01-16 13:38:26,412 [WARN] PackLoader:240 - Cannot read IP mode file for STMicroelectronics.FP-SNS-FLIGHT1.5.1.0
2026-01-16 13:38:26,421 [INFO] LogOutputStream:77 - [STDOUT_REDIRECT] 1 : Invalid condition id : UX_CORESTACK_Condition cause : null
2026-01-16 13:38:26,424 [INFO] LogOutputStream:77 - [STDOUT_REDIRECT] 1 : Invalid condition id : UX_CORESTACK_Condition cause : null
2026-01-16 13:38:26,425 [INFO] LogOutputStream:77 - [STDOUT_REDIRECT] 1 : Invalid condition id : UX_CORESTACK_Condition cause : null
2026-01-16 13:38:26,425 [INFO] LogOutputStream:77 - [STDOUT_REDIRECT] 1 : Invalid condition id : UX_CORESTACK_Condition cause : null
2026-01-16 13:38:26,425 [INFO] LogOutputStream:77 - [STDOUT_REDIRECT] 1 : Invalid condition id : UX_CORESTACK_Condition cause : null
2026-01-16 13:38:26,433 [WARN] PackLoader:240 - Cannot read IP mode file for STMicroelectronics.X-CUBE-AZRTOS-WL.2.0.0
2026-01-16 13:38:26,461 [WARN] PackLoader:240 - Cannot read IP mode file for STMicroelectronics.FP-SNS-MOTENV1.5.0.0
2026-01-16 13:38:26,497 [WARN] PackLoader:240 - Cannot read IP mode file for STMicroelectronics.X-CUBE-AZRTOS-H7RS.1.2.0
2026-01-16 13:38:26,514 [WARN] PackLoader:240 - Cannot read IP mode file for STMicroelectronics.X-CUBE-BLE2.3.3.0
2026-01-16 13:38:26,554 [WARN] PackLoader:240 - Cannot read IP mode file for STMicroelectronics.X-CUBE-NFC9.1.0.0
2026-01-16 13:38:26,567 [WARN] PackLoader:240 - Cannot read IP mode file for wolfSSL.I-CUBE-wolfSSL.5.8.2
2026-01-16 13:38:26,579 [WARN] PackLoader:240 - Cannot read IP mode file for STMicroelectronics.X-CUBE-BLE1.7.1.0
2026-01-16 13:38:26,588 [WARN] PackLoader:240 - Cannot read IP mode file for wolfSSL.I-CUBE-wolfMQTT.1.19.2
2026-01-16 13:38:26,598 [WARN] PackLoader:240 - Cannot read IP mode file for STMicroelectronics.X-CUBE-FREERTOS.1.4.0
2026-01-16 13:38:26,610 [WARN] PackLoader:240 - Cannot read IP mode file for STMicroelectronics.X-CUBE-EEPRMA1.5.2.0
2026-01-16 13:38:26,623 [WARN] PackLoader:240 - Cannot read IP mode file for STMicroelectronics.X-CUBE-ST67W61.1.1.0
2026-01-16 13:38:26,931 [WARN] PackLoader:240 - Cannot read IP mode file for STMicroelectronics.X-CUBE-MEMS1.12.0.0
2026-01-16 13:38:27,172 [WARN] PackLoader:240 - Cannot read IP mode file for STMicroelectronics.X-CUBE-AZRTOS-G0.1.1.0
2026-01-16 13:38:27,244 [WARN] PackLoader:240 - Cannot read IP mode file for STMicroelectronics.X-CUBE-SAFEA1.1.2.2
2026-01-16 13:38:27,259 [WARN] PackLoader:240 - Cannot read IP mode file for STMicroelectronics.X-CUBE-NFC4.3.0.0
2026-01-16 13:38:27,276 [WARN] PackLoader:240 - Cannot read IP mode file for EmbeddedOffice.I-CUBE-FS-RTOS.1.0.1
2026-01-16 13:38:27,290 [WARN] PackLoader:240 - Cannot read IP mode file for STMicroelectronics.X-CUBE-WB05N.2.0.0
2026-01-16 13:38:27,302 [WARN] PackLoader:240 - Cannot read IP mode file for wolfSSL.I-CUBE-wolfTPM.3.8.0
2026-01-16 13:38:27,309 [WARN] PackLoader:240 - Cannot read IP mode file for STMicroelectronics.X-CUBE-TCPP.4.2.0
2026-01-16 13:38:27,315 [WARN] PackLoader:240 - Cannot read IP mode file for RealThread.X-CUBE-RT-Thread_Nano.4.1.1
2026-01-16 13:38:27,317 [WARN] PackLoader:240 - Cannot read IP mode file for STMicroelectronics.FP-ATR-SIGFOX1.3.2.0
2026-01-16 13:38:27,322 [WARN] PackLoader:240 - Cannot read IP mode file for ITTIA_DB.I-CUBE-ITTIADB.8.9.0
2026-01-16 13:38:27,327 [WARN] PackLoader:240 - Cannot read IP mode file for STMicroelectronics.X-CUBE-AI.10.2.0
2026-01-16 13:38:27,396 [WARN] PackLoader:240 - Cannot read IP mode file for SEGGER.I-CUBE-embOS.1.3.1
2026-01-16 13:38:27,451 [WARN] PackLoader:240 - Cannot read IP mode file for STMicroelectronics.X-CUBE-ALGOBUILD.1.4.0
2026-01-16 13:38:27,540 [WARN] PackLoader:240 - Cannot read IP mode file for STMicroelectronics.X-CUBE-MEMS1.11.3.0
2026-01-16 13:38:27,622 [WARN] PackLoader:240 - Cannot read IP mode file for STMicroelectronics.X-CUBE-PM33A1.1.0.0
2026-01-16 13:38:27,656 [WARN] PackLoader:240 - Cannot read IP mode file for STMicroelectronics.X-CUBE-AZRTOS-F4.1.1.0
2026-01-16 13:38:27,667 [WARN] PackLoader:240 - Cannot read IP mode file for STMicroelectronics.X-CUBE-ISPU.2.1.0
2026-01-16 13:38:27,678 [WARN] PackLoader:240 - Cannot read IP mode file for STMicroelectronics.X-CUBE-IPS.3.2.0
2026-01-16 13:38:27,693 [WARN] PackLoader:240 - Cannot read IP mode file for STMicroelectronics.X-CUBE-NFC12.1.0.0
2026-01-16 13:38:27,717 [WARN] PackLoader:240 - Cannot read IP mode file for STMicroelectronics.X-CUBE-AZRTOS-L5.2.0.0
2026-01-16 13:38:27,733 [WARN] PackLoader:240 - Cannot read IP mode file for STMicroelectronics.X-CUBE-NFC6.3.1.0
2026-01-16 13:38:27,746 [WARN] PackLoader:240 - Cannot read IP mode file for STMicroelectronics.X-CUBE-FREERTOS.1.3.1
2026-01-16 13:38:27,754 [WARN] PackLoader:240 - Cannot read IP mode file for STMicroelectronics.X-CUBE-TOUCHGFX.4.26.0
2026-01-16 13:38:27,759 [WARN] PackLoader:240 - Cannot read IP mode file for STMicroelectronics.FP-SNS-STAIOTCFT.1.0.0
2026-01-16 13:38:27,770 [WARN] PackLoader:240 - Cannot read IP mode file for STMicroelectronics.X-CUBE-DPower.1.3.0
2026-01-16 13:38:27,789 [WARN] ConditionMgr:438 - getConditionDescription Invalid condition id : LAN8742 Phy interface Condition cause : null
2026-01-16 13:38:27,791 [WARN] PackLoader:240 - Cannot read IP mode file for STMicroelectronics.X-CUBE-AZRTOS-L4.2.0.0
2026-01-16 13:38:27,794 [WARN] ConditionMgr:1044 - genDependencies : Invalid condition id : LAN8742 Phy interface Condition cause : null
2026-01-16 13:38:27,794 [WARN] ConditionMgr:1044 - genDependencies : Invalid condition id : LAN8742 Phy interface Condition cause : null
2026-01-16 13:38:27,796 [WARN] ConditionMgr:1044 - genDependencies : Invalid condition id : LAN8742 Phy interface Condition cause : null
2026-01-16 13:38:27,805 [WARN] PackLoader:240 - Cannot read IP mode file for STMicroelectronics.X-CUBE-SFXS2LP1.4.0.0
2026-01-16 13:38:27,813 [WARN] PackLoader:240 - Cannot read IP mode file for STMicroelectronics.X-CUBE-ST67W61.1.2.0
2026-01-16 13:38:27,832 [WARN] PackLoader:240 - Cannot read IP mode file for STMicroelectronics.X-CUBE-BLEMGR.4.1.0
2026-01-16 13:38:27,852 [WARN] ConditionMgr:438 - getConditionDescription Invalid condition id : UX DEVICE CLASS RTOS Condition cause : null
2026-01-16 13:38:27,852 [WARN] ConditionMgr:438 - getConditionDescription Invalid condition id : UX DEVICE CLASS RTOS Condition cause : null
2026-01-16 13:38:27,856 [WARN] PackLoader:240 - Cannot read IP mode file for STMicroelectronics.X-CUBE-AZRTOS-WB.2.0.0
2026-01-16 13:38:27,857 [WARN] ConditionMgr:1044 - genDependencies : Invalid condition id : UX DEVICE CLASS RTOS Condition cause : null
2026-01-16 13:38:27,857 [WARN] ConditionMgr:1044 - genDependencies : Invalid condition id : UX DEVICE CLASS RTOS Condition cause : null
2026-01-16 13:38:27,858 [WARN] ConditionMgr:1044 - genDependencies : Invalid condition id : UX DEVICE CLASS RTOS Condition cause : null
2026-01-16 13:38:27,859 [WARN] ConditionMgr:1044 - genDependencies : Invalid condition id : UX DEVICE CLASS RTOS Condition cause : null
2026-01-16 13:38:27,859 [WARN] ConditionMgr:1044 - genDependencies : Invalid condition id : UX DEVICE CLASS RTOS Condition cause : null
2026-01-16 13:38:27,864 [WARN] PackLoader:240 - Cannot read IP mode file for STMicroelectronics.X-CUBE-GNSS1.7.0.1
2026-01-16 13:38:27,870 [WARN] ConditionMgr:438 - getConditionDescription Invalid condition id : Cortex-A Device cause : null
2026-01-16 13:38:27,904 [WARN] ConditionMgr:1044 - genDependencies : Invalid condition id : Cortex-A Device cause : null
2026-01-16 13:38:27,905 [WARN] ConditionMgr:1044 - genDependencies : Invalid condition id : Cortex-A Device cause : null
2026-01-16 13:38:27,905 [WARN] ConditionMgr:1044 - genDependencies : Invalid condition id : Cortex-A Device cause : null
2026-01-16 13:38:27,918 [WARN] PackLoader:240 - Cannot read IP mode file for STMicroelectronics.X-CUBE-SUBG2.5.0.0
2026-01-16 13:38:27,958 [WARN] PackLoader:240 - Cannot read IP mode file for STMicroelectronics.X-CUBE-AZRTOS-H7RS.1.1.0
2026-01-16 13:38:27,986 [WARN] PackLoader:240 - Cannot read IP mode file for STMicroelectronics.X-CUBE-AZRTOS-G4.2.0.0
2026-01-16 13:38:27,997 [WARN] PackLoader:240 - Cannot read IP mode file for wolfSSL.I-CUBE-wolfSSH.1.4.20
2026-01-16 13:38:28,002 [WARN] PackLoader:240 - Cannot read IP mode file for STMicroelectronics.X-CUBE-NFC7.2.0.0
2026-01-16 13:38:28,007 [WARN] PackLoader:240 - Cannot read IP mode file for STMicroelectronics.X-CUBE-ALS.1.0.2
2026-01-16 13:38:28,012 [WARN] PackLoader:240 - Cannot read IP mode file for STMicroelectronics.X-CUBE-STSE01.1.0.0
2026-01-16 13:38:28,023 [WARN] PackLoader:240 - Cannot read IP mode file for STMicroelectronics.X-CUBE-TOF1.3.4.3
2026-01-16 13:38:28,056 [INFO] ThirdParty:978 - Integrity check success = true
2026-01-16 13:38:28,056 [INFO] IntegrityCheckThread:100 - exiting critical section [integrity check]
2026-01-16 13:38:28,056 [INFO] IntegrityCheckThread:103 - End integrity checks thread
2026-01-16 13:38:28,474 [INFO] WebApp:169 - Instantiating new browser for Auth
2026-01-16 13:38:29,682 [INFO] WebApp:463 - Apply proxy settings
2026-01-16 13:38:29,707 [INFO] WebApp:508 - Chromium authenticates against Manually configured proxy
2026-01-16 13:38:29,732 [INFO] WebApp:516 - Username used for proxy authentication: 
2026-01-16 13:38:29,779 [INFO] WebApp:900 - Register for checkConnection events
2026-01-16 13:38:29,783 [INFO] WebApp:463 - Apply proxy settings
2026-01-16 13:38:29,791 [INFO] WebApp:508 - Chromium authenticates against Manually configured proxy
2026-01-16 13:38:29,791 [INFO] WebApp:516 - Username used for proxy authentication: 
2026-01-16 13:38:30,057 [INFO] WebApp:225 - Starting web application
2026-01-16 13:38:30,057 [INFO] WebApp:593 - Web application path used /Applications/STM32CubeIDE.app/Contents/Eclipse/plugins/com.st.stm32cube.common.mx_6.15.0.202507011659/db/plugins/mcufinder/reactClient1/index.html
2026-01-16 13:38:30,463 [INFO] WebApp:191 - Connection restablished
2026-01-16 13:38:30,690 [INFO] UserAuth:487 - Internet connection configuration mode: 1
2026-01-16 13:38:46,116 [ERROR] LogOutputStream:75 - [STDERR_REDIRECT] 
